<?xml version="1.0" encoding="UTF-8"?>
<testng-results ignored="0" total="8" passed="6" failed="2" skipped="0">
  <reporter-output>
  </reporter-output>
  <suite started-at="2023-01-20T21:27:18 IST" name="Suite" finished-at="2023-01-20T21:30:09 IST" duration-ms="170658">
    <groups>
    </groups>
    <test started-at="2023-01-20T21:27:18 IST" name="Test" finished-at="2023-01-20T21:30:09 IST" duration-ms="170658">
      <class name="Com.Ecommerce.TestCases.TC_LoginTestcase">
        <test-method is-config="true" signature="initialization(java.lang.String)[pri:0, instance:Com.Ecommerce.TestCases.TC_LoginTestcase@548e6d58]" started-at="2023-01-20T21:28:16 IST" name="initialization" finished-at="2023-01-20T21:28:23 IST" duration-ms="7008" status="PASS">
          <params>
            <param index="0">
              <value>
                <![CDATA[Chrome]]>
              </value>
            </param>
          </params>
          <reporter-output>
          </reporter-output>
        </test-method> <!-- initialization -->
        <test-method signature="LoginTestCase()[pri:0, instance:Com.Ecommerce.TestCases.TC_LoginTestcase@548e6d58]" started-at="2023-01-20T21:28:23 IST" name="LoginTestCase" finished-at="2023-01-20T21:28:37 IST" duration-ms="13635" status="PASS">
          <reporter-output>
          </reporter-output>
        </test-method> <!-- LoginTestCase -->
        <test-method is-config="true" signature="TearDown()[pri:0, instance:Com.Ecommerce.TestCases.TC_LoginTestcase@548e6d58]" started-at="2023-01-20T21:28:37 IST" name="TearDown" finished-at="2023-01-20T21:28:37 IST" duration-ms="110" status="PASS">
          <reporter-output>
          </reporter-output>
        </test-method> <!-- TearDown -->
      </class> <!-- Com.Ecommerce.TestCases.TC_LoginTestcase -->
      <class name="Com.Ecommerce.TestCases.TC_LoginDataTestCase">
        <test-method is-config="true" signature="initialization(java.lang.String)[pri:0, instance:Com.Ecommerce.TestCases.TC_LoginDataTestCase@623a8092]" started-at="2023-01-20T21:28:38 IST" name="initialization" finished-at="2023-01-20T21:28:47 IST" duration-ms="9302" status="PASS">
          <params>
            <param index="0">
              <value>
                <![CDATA[Chrome]]>
              </value>
            </param>
          </params>
          <reporter-output>
          </reporter-output>
        </test-method> <!-- initialization -->
        <test-method signature="LoginData(java.lang.String,java.lang.String,java.lang.String)[pri:0, instance:Com.Ecommerce.TestCases.TC_LoginDataTestCase@623a8092]" started-at="2023-01-20T21:28:47 IST" name="LoginData" data-provider="LoginData" finished-at="2023-01-20T21:28:57 IST" duration-ms="10177" status="FAIL">
          <params>
            <param index="0">
              <value>
                <![CDATA[D@gmail.com]]>
              </value>
            </param>
            <param index="1">
              <value>
                <![CDATA[SSSSSS]]>
              </value>
            </param>
            <param index="2">
              <value>
                <![CDATA[Valid]]>
              </value>
            </param>
          </params>
          <exception class="java.lang.AssertionError">
            <message>
              <![CDATA[expected [true] but found [false]]]>
            </message>
            <full-stacktrace>
              <![CDATA[java.lang.AssertionError: expected [true] but found [false]
at org.testng.Assert.fail(Assert.java:99)
at org.testng.Assert.failNotEquals(Assert.java:1037)
at org.testng.Assert.assertTrue(Assert.java:45)
at org.testng.Assert.assertTrue(Assert.java:55)
at Com.Ecommerce.TestCases.TC_LoginDataTestCase.LoginData(TC_LoginDataTestCase.java:41)
at java.base/jdk.internal.reflect.DirectMethodHandleAccessor.invoke(DirectMethodHandleAccessor.java:104)
at java.base/java.lang.reflect.Method.invoke(Method.java:577)
at org.testng.internal.MethodInvocationHelper.invokeMethod(MethodInvocationHelper.java:133)
at org.testng.internal.TestInvoker.invokeMethod(TestInvoker.java:598)
at org.testng.internal.TestInvoker.invokeTestMethod(TestInvoker.java:173)
at org.testng.internal.MethodRunner.runInSequence(MethodRunner.java:46)
at org.testng.internal.TestInvoker$MethodInvocationAgent.invoke(TestInvoker.java:824)
at org.testng.internal.TestInvoker.invokeTestMethods(TestInvoker.java:146)
at org.testng.internal.TestMethodWorker.invokeTestMethods(TestMethodWorker.java:146)
at org.testng.internal.TestMethodWorker.run(TestMethodWorker.java:128)
at java.base/java.util.ArrayList.forEach(ArrayList.java:1511)
at org.testng.TestRunner.privateRun(TestRunner.java:794)
at org.testng.TestRunner.run(TestRunner.java:596)
at org.testng.SuiteRunner.runTest(SuiteRunner.java:377)
at org.testng.SuiteRunner.runSequentially(SuiteRunner.java:371)
at org.testng.SuiteRunner.privateRun(SuiteRunner.java:332)
at org.testng.SuiteRunner.run(SuiteRunner.java:276)
at org.testng.SuiteRunnerWorker.runSuite(SuiteRunnerWorker.java:53)
at org.testng.SuiteRunnerWorker.run(SuiteRunnerWorker.java:96)
at org.testng.TestNG.runSuitesSequentially(TestNG.java:1212)
at org.testng.TestNG.runSuitesLocally(TestNG.java:1134)
at org.testng.TestNG.runSuites(TestNG.java:1063)
at org.testng.TestNG.run(TestNG.java:1031)
at org.testng.remote.AbstractRemoteTestNG.run(AbstractRemoteTestNG.java:115)
at org.testng.remote.RemoteTestNG.initAndRun(RemoteTestNG.java:251)
at org.testng.remote.RemoteTestNG.main(RemoteTestNG.java:77)
]]>
            </full-stacktrace>
          </exception> <!-- java.lang.AssertionError -->
          <reporter-output>
          </reporter-output>
        </test-method> <!-- LoginData -->
        <test-method is-config="true" signature="TearDown()[pri:0, instance:Com.Ecommerce.TestCases.TC_LoginDataTestCase@623a8092]" started-at="2023-01-20T21:28:58 IST" name="TearDown" finished-at="2023-01-20T21:28:58 IST" duration-ms="117" status="PASS">
          <reporter-output>
          </reporter-output>
        </test-method> <!-- TearDown -->
        <test-method is-config="true" signature="initialization(java.lang.String)[pri:0, instance:Com.Ecommerce.TestCases.TC_LoginDataTestCase@623a8092]" started-at="2023-01-20T21:28:58 IST" name="initialization" finished-at="2023-01-20T21:29:05 IST" duration-ms="7032" status="PASS">
          <params>
            <param index="0">
              <value>
                <![CDATA[Chrome]]>
              </value>
            </param>
          </params>
          <reporter-output>
          </reporter-output>
        </test-method> <!-- initialization -->
        <test-method signature="LoginData(java.lang.String,java.lang.String,java.lang.String)[pri:0, instance:Com.Ecommerce.TestCases.TC_LoginDataTestCase@623a8092]" started-at="2023-01-20T21:29:05 IST" name="LoginData" data-provider="LoginData" finished-at="2023-01-20T21:29:15 IST" duration-ms="10113" status="PASS">
          <params>
            <param index="0">
              <value>
                <![CDATA[D@gmail.com]]>
              </value>
            </param>
            <param index="1">
              <value>
                <![CDATA[SSSSS]]>
              </value>
            </param>
            <param index="2">
              <value>
                <![CDATA[Invalid]]>
              </value>
            </param>
          </params>
          <reporter-output>
          </reporter-output>
        </test-method> <!-- LoginData -->
        <test-method is-config="true" signature="TearDown()[pri:0, instance:Com.Ecommerce.TestCases.TC_LoginDataTestCase@623a8092]" started-at="2023-01-20T21:29:15 IST" name="TearDown" finished-at="2023-01-20T21:29:15 IST" duration-ms="109" status="PASS">
          <reporter-output>
          </reporter-output>
        </test-method> <!-- TearDown -->
        <test-method is-config="true" signature="initialization(java.lang.String)[pri:0, instance:Com.Ecommerce.TestCases.TC_LoginDataTestCase@623a8092]" started-at="2023-01-20T21:29:15 IST" name="initialization" finished-at="2023-01-20T21:29:22 IST" duration-ms="6916" status="PASS">
          <params>
            <param index="0">
              <value>
                <![CDATA[Chrome]]>
              </value>
            </param>
          </params>
          <reporter-output>
          </reporter-output>
        </test-method> <!-- initialization -->
        <test-method signature="LoginData(java.lang.String,java.lang.String,java.lang.String)[pri:0, instance:Com.Ecommerce.TestCases.TC_LoginDataTestCase@623a8092]" started-at="2023-01-20T21:29:22 IST" name="LoginData" data-provider="LoginData" finished-at="2023-01-20T21:29:32 IST" duration-ms="10162" status="PASS">
          <params>
            <param index="0">
              <value>
                <![CDATA[DSS@gmail.com]]>
              </value>
            </param>
            <param index="1">
              <value>
                <![CDATA[SSSSSS]]>
              </value>
            </param>
            <param index="2">
              <value>
                <![CDATA[Invalid]]>
              </value>
            </param>
          </params>
          <reporter-output>
          </reporter-output>
        </test-method> <!-- LoginData -->
        <test-method is-config="true" signature="TearDown()[pri:0, instance:Com.Ecommerce.TestCases.TC_LoginDataTestCase@623a8092]" started-at="2023-01-20T21:29:32 IST" name="TearDown" finished-at="2023-01-20T21:29:32 IST" duration-ms="111" status="PASS">
          <reporter-output>
          </reporter-output>
        </test-method> <!-- TearDown -->
        <test-method is-config="true" signature="initialization(java.lang.String)[pri:0, instance:Com.Ecommerce.TestCases.TC_LoginDataTestCase@623a8092]" started-at="2023-01-20T21:29:32 IST" name="initialization" finished-at="2023-01-20T21:29:39 IST" duration-ms="7187" status="PASS">
          <params>
            <param index="0">
              <value>
                <![CDATA[Chrome]]>
              </value>
            </param>
          </params>
          <reporter-output>
          </reporter-output>
        </test-method> <!-- initialization -->
        <test-method signature="LoginData(java.lang.String,java.lang.String,java.lang.String)[pri:0, instance:Com.Ecommerce.TestCases.TC_LoginDataTestCase@623a8092]" started-at="2023-01-20T21:29:39 IST" name="LoginData" data-provider="LoginData" finished-at="2023-01-20T21:29:50 IST" duration-ms="10261" status="PASS">
          <params>
            <param index="0">
              <value>
                <![CDATA[DA@gmail.com]]>
              </value>
            </param>
            <param index="1">
              <value>
                <![CDATA[SSSSSSs]]>
              </value>
            </param>
            <param index="2">
              <value>
                <![CDATA[Invalid]]>
              </value>
            </param>
          </params>
          <reporter-output>
          </reporter-output>
        </test-method> <!-- LoginData -->
        <test-method is-config="true" signature="TearDown()[pri:0, instance:Com.Ecommerce.TestCases.TC_LoginDataTestCase@623a8092]" started-at="2023-01-20T21:29:50 IST" name="TearDown" finished-at="2023-01-20T21:29:50 IST" duration-ms="119" status="PASS">
          <reporter-output>
          </reporter-output>
        </test-method> <!-- TearDown -->
        <test-method is-config="true" signature="initialization(java.lang.String)[pri:0, instance:Com.Ecommerce.TestCases.TC_LoginDataTestCase@623a8092]" started-at="2023-01-20T21:29:50 IST" name="initialization" finished-at="2023-01-20T21:29:59 IST" duration-ms="8716" status="PASS">
          <params>
            <param index="0">
              <value>
                <![CDATA[Chrome]]>
              </value>
            </param>
          </params>
          <reporter-output>
          </reporter-output>
        </test-method> <!-- initialization -->
        <test-method signature="LoginData(java.lang.String,java.lang.String,java.lang.String)[pri:0, instance:Com.Ecommerce.TestCases.TC_LoginDataTestCase@623a8092]" started-at="2023-01-20T21:29:59 IST" name="LoginData" data-provider="LoginData" finished-at="2023-01-20T21:30:09 IST" duration-ms="10166" status="PASS">
          <params>
            <param index="0">
              <value>
                <![CDATA[DSS@gmail.com]]>
              </value>
            </param>
            <param index="1">
              <value>
                <![CDATA[SSSSSS]]>
              </value>
            </param>
            <param index="2">
              <value>
                <![CDATA[Invalid]]>
              </value>
            </param>
          </params>
          <reporter-output>
          </reporter-output>
        </test-method> <!-- LoginData -->
        <test-method is-config="true" signature="TearDown()[pri:0, instance:Com.Ecommerce.TestCases.TC_LoginDataTestCase@623a8092]" started-at="2023-01-20T21:30:09 IST" name="TearDown" finished-at="2023-01-20T21:30:09 IST" duration-ms="127" status="PASS">
          <reporter-output>
          </reporter-output>
        </test-method> <!-- TearDown -->
      </class> <!-- Com.Ecommerce.TestCases.TC_LoginDataTestCase -->
      <class name="Com.Ecommerce.TestCases.TC_AddToCart">
        <test-method is-config="true" signature="initialization(java.lang.String)[pri:0, instance:Com.Ecommerce.TestCases.TC_AddToCart@7494f96a]" started-at="2023-01-20T21:27:18 IST" name="initialization" finished-at="2023-01-20T21:27:30 IST" duration-ms="11414" status="PASS">
          <params>
            <param index="0">
              <value>
                <![CDATA[Chrome]]>
              </value>
            </param>
          </params>
          <reporter-output>
          </reporter-output>
        </test-method> <!-- initialization -->
        <test-method signature="AddProduct()[pri:0, instance:Com.Ecommerce.TestCases.TC_AddToCart@7494f96a]" started-at="2023-01-20T21:27:30 IST" name="AddProduct" finished-at="2023-01-20T21:28:05 IST" duration-ms="34975" status="FAIL">
          <exception class="org.openqa.selenium.NoSuchElementException">
            <message>
              <![CDATA[no such element: Unable to locate element: {"method":"xpath","selector":"(//a[@title="Show details for Apple MacBook Pro 13-inch"])[2]"}
  (Session info: chrome=109.0.5414.87)
For documentation on this error, please visit: https://selenium.dev/exceptions/#no_such_element
Build info: version: '4.7.2', revision: '4d4020c3b7'
System info: os.name: 'Mac OS X', os.arch: 'x86_64', os.version: '12.5.1', java.version: '18.0.1.1'
Driver info: org.openqa.selenium.chrome.ChromeDriver
Command: [09e6a1cae4a979e1319c6c857879c17d, findElement {using=xpath, value=(//a[@title="Show details for Apple MacBook Pro 13-inch"])[2]}]
Capabilities {acceptInsecureCerts: false, browserName: chrome, browserVersion: 109.0.5414.87, chrome: {chromedriverVersion: 108.0.5359.71 (1e0e3868ee06..., userDataDir: /var/folders/lr/yy6cc25x09d...}, goog:chromeOptions: {debuggerAddress: localhost:64488}, networkConnectionEnabled: false, pageLoadStrategy: normal, platformName: MAC, proxy: Proxy(), se:cdp: ws://localhost:64488/devtoo..., se:cdpVersion: 109.0.5414.87, setWindowRect: true, strictFileInteractability: false, timeouts: {implicit: 0, pageLoad: 300000, script: 30000}, unhandledPromptBehavior: dismiss and notify, webauthn:extension:credBlob: true, webauthn:extension:largeBlob: true, webauthn:virtualAuthenticators: true}
Session ID: 09e6a1cae4a979e1319c6c857879c17d]]>
            </message>
            <full-stacktrace>
              <![CDATA[org.openqa.selenium.NoSuchElementException: no such element: Unable to locate element: {"method":"xpath","selector":"(//a[@title="Show details for Apple MacBook Pro 13-inch"])[2]"}
  (Session info: chrome=109.0.5414.87)
For documentation on this error, please visit: https://selenium.dev/exceptions/#no_such_element
Build info: version: '4.7.2', revision: '4d4020c3b7'
System info: os.name: 'Mac OS X', os.arch: 'x86_64', os.version: '12.5.1', java.version: '18.0.1.1'
Driver info: org.openqa.selenium.chrome.ChromeDriver
Command: [09e6a1cae4a979e1319c6c857879c17d, findElement {using=xpath, value=(//a[@title="Show details for Apple MacBook Pro 13-inch"])[2]}]
Capabilities {acceptInsecureCerts: false, browserName: chrome, browserVersion: 109.0.5414.87, chrome: {chromedriverVersion: 108.0.5359.71 (1e0e3868ee06..., userDataDir: /var/folders/lr/yy6cc25x09d...}, goog:chromeOptions: {debuggerAddress: localhost:64488}, networkConnectionEnabled: false, pageLoadStrategy: normal, platformName: MAC, proxy: Proxy(), se:cdp: ws://localhost:64488/devtoo..., se:cdpVersion: 109.0.5414.87, setWindowRect: true, strictFileInteractability: false, timeouts: {implicit: 0, pageLoad: 300000, script: 30000}, unhandledPromptBehavior: dismiss and notify, webauthn:extension:credBlob: true, webauthn:extension:largeBlob: true, webauthn:virtualAuthenticators: true}
Session ID: 09e6a1cae4a979e1319c6c857879c17d
at java.base/jdk.internal.reflect.DirectConstructorHandleAccessor.newInstance(DirectConstructorHandleAccessor.java:67)
at java.base/java.lang.reflect.Constructor.newInstanceWithCaller(Constructor.java:499)
at java.base/java.lang.reflect.Constructor.newInstance(Constructor.java:483)
at org.openqa.selenium.remote.codec.w3c.W3CHttpResponseCodec.createException(W3CHttpResponseCodec.java:200)
at org.openqa.selenium.remote.codec.w3c.W3CHttpResponseCodec.decode(W3CHttpResponseCodec.java:133)
at org.openqa.selenium.remote.codec.w3c.W3CHttpResponseCodec.decode(W3CHttpResponseCodec.java:53)
at org.openqa.selenium.remote.HttpCommandExecutor.execute(HttpCommandExecutor.java:184)
at org.openqa.selenium.remote.service.DriverCommandExecutor.invokeExecute(DriverCommandExecutor.java:167)
at org.openqa.selenium.remote.service.DriverCommandExecutor.execute(DriverCommandExecutor.java:142)
at org.openqa.selenium.remote.RemoteWebDriver.execute(RemoteWebDriver.java:535)
at org.openqa.selenium.remote.ElementLocation$ElementFinder$2.findElement(ElementLocation.java:162)
at org.openqa.selenium.remote.ElementLocation.findElement(ElementLocation.java:60)
at org.openqa.selenium.remote.RemoteWebDriver.findElement(RemoteWebDriver.java:351)
at org.openqa.selenium.remote.RemoteWebDriver.findElement(RemoteWebDriver.java:343)
at org.openqa.selenium.support.pagefactory.DefaultElementLocator.findElement(DefaultElementLocator.java:70)
at org.openqa.selenium.support.pagefactory.internal.LocatingElementHandler.invoke(LocatingElementHandler.java:39)
at jdk.proxy2/jdk.proxy2.$Proxy19.click(Unknown Source)
at Com.Ecommerce.PageClass.TC_Ecommerce_AddToCart.SelectProduct(TC_Ecommerce_AddToCart.java:39)
at Com.Ecommerce.TestCases.TC_AddToCart.AddProduct(TC_AddToCart.java:43)
at java.base/jdk.internal.reflect.DirectMethodHandleAccessor.invoke(DirectMethodHandleAccessor.java:104)
at java.base/java.lang.reflect.Method.invoke(Method.java:577)
at org.testng.internal.MethodInvocationHelper.invokeMethod(MethodInvocationHelper.java:133)
at org.testng.internal.TestInvoker.invokeMethod(TestInvoker.java:598)
at org.testng.internal.TestInvoker.invokeTestMethod(TestInvoker.java:173)
at org.testng.internal.MethodRunner.runInSequence(MethodRunner.java:46)
at org.testng.internal.TestInvoker$MethodInvocationAgent.invoke(TestInvoker.java:824)
at org.testng.internal.TestInvoker.invokeTestMethods(TestInvoker.java:146)
at org.testng.internal.TestMethodWorker.invokeTestMethods(TestMethodWorker.java:146)
at org.testng.internal.TestMethodWorker.run(TestMethodWorker.java:128)
at java.base/java.util.ArrayList.forEach(ArrayList.java:1511)
at org.testng.TestRunner.privateRun(TestRunner.java:794)
at org.testng.TestRunner.run(TestRunner.java:596)
at org.testng.SuiteRunner.runTest(SuiteRunner.java:377)
at org.testng.SuiteRunner.runSequentially(SuiteRunner.java:371)
at org.testng.SuiteRunner.privateRun(SuiteRunner.java:332)
at org.testng.SuiteRunner.run(SuiteRunner.java:276)
at org.testng.SuiteRunnerWorker.runSuite(SuiteRunnerWorker.java:53)
at org.testng.SuiteRunnerWorker.run(SuiteRunnerWorker.java:96)
at org.testng.TestNG.runSuitesSequentially(TestNG.java:1212)
at org.testng.TestNG.runSuitesLocally(TestNG.java:1134)
at org.testng.TestNG.runSuites(TestNG.java:1063)
at org.testng.TestNG.run(TestNG.java:1031)
at org.testng.remote.AbstractRemoteTestNG.run(AbstractRemoteTestNG.java:115)
at org.testng.remote.RemoteTestNG.initAndRun(RemoteTestNG.java:251)
at org.testng.remote.RemoteTestNG.main(RemoteTestNG.java:77)
]]>
            </full-stacktrace>
          </exception> <!-- org.openqa.selenium.NoSuchElementException -->
          <reporter-output>
          </reporter-output>
        </test-method> <!-- AddProduct -->
        <test-method is-config="true" signature="TearDown()[pri:0, instance:Com.Ecommerce.TestCases.TC_AddToCart@7494f96a]" started-at="2023-01-20T21:28:05 IST" name="TearDown" finished-at="2023-01-20T21:28:05 IST" duration-ms="174" status="PASS">
          <reporter-output>
          </reporter-output>
        </test-method> <!-- TearDown -->
      </class> <!-- Com.Ecommerce.TestCases.TC_AddToCart -->
      <class name="Com.Ecommerce.TestCases.TC_NewRegistration">
        <test-method is-config="true" signature="initialization(java.lang.String)[pri:0, instance:Com.Ecommerce.TestCases.TC_NewRegistration@2f465398]" started-at="2023-01-20T21:28:05 IST" name="initialization" finished-at="2023-01-20T21:28:13 IST" duration-ms="7847" status="PASS">
          <params>
            <param index="0">
              <value>
                <![CDATA[Chrome]]>
              </value>
            </param>
          </params>
          <reporter-output>
          </reporter-output>
        </test-method> <!-- initialization -->
        <test-method signature="Registration()[pri:0, instance:Com.Ecommerce.TestCases.TC_NewRegistration@2f465398]" started-at="2023-01-20T21:28:13 IST" name="Registration" finished-at="2023-01-20T21:28:16 IST" duration-ms="2628" status="PASS">
          <reporter-output>
          </reporter-output>
        </test-method> <!-- Registration -->
        <test-method is-config="true" signature="TearDown()[pri:0, instance:Com.Ecommerce.TestCases.TC_NewRegistration@2f465398]" started-at="2023-01-20T21:28:16 IST" name="TearDown" finished-at="2023-01-20T21:28:16 IST" duration-ms="108" status="PASS">
          <reporter-output>
          </reporter-output>
        </test-method> <!-- TearDown -->
      </class> <!-- Com.Ecommerce.TestCases.TC_NewRegistration -->
    </test> <!-- Test -->
  </suite> <!-- Suite -->
</testng-results>
